<?xml version="1.0" encoding="UTF-8"?>
<!-- Generated by org.testng.reporters.JUnitReportReporter -->
<testsuite skipped="0" hostname="Rohit-PC" name="dataDriven.TestDataPovider" tests="4" failures="0" timestamp="14 Sep 2018 17:43:38 GMT" time="34.417" errors="0">
  <testcase name="dataProviderTest" time="8.514" classname="dataDriven.TestDataPovider"/>
  <testcase name="dataProviderTest" time="8.169" classname="dataDriven.TestDataPovider"/>
  <testcase name="dataProviderTest" time="9.630" classname="dataDriven.TestDataPovider"/>
  <testcase name="dataProviderTest" time="8.104" classname="dataDriven.TestDataPovider"/>
</testsuite> <!-- dataDriven.TestDataPovider -->
