<?xml version="1.0" encoding="UTF-8"?>
<!-- Generated by org.testng.reporters.JUnitReportReporter -->
<testsuite skipped="0" hostname="ARPGL000810" name="basics.Day_7" tests="1" failures="0" timestamp="2021-05-30T16:48:58 IST" time="10.803" errors="0">
  <testcase name="navigation" time="10.803" classname="basics.Day_7"/>
  <system-out/>
</testsuite> <!-- basics.Day_7 -->
