<?xml version="1.0" encoding="UTF-8"?>
<!-- Generated by org.testng.reporters.JUnitReportReporter -->
<testsuite skipped="0" hostname="ARPGL000810" name="testNGParallerExecution.ParallerTest" tests="2" failures="0" timestamp="2022-06-29T17:54:39 IST" time="28.258" errors="0">
  <testcase name="lanuchChrome" time="10.630" classname="testNGParallerExecution.ParallerTest"/>
  <system-out/>
  <testcase name="launchFirefox" time="17.628" classname="testNGParallerExecution.ParallerTest"/>
  <system-out/>
</testsuite> <!-- testNGParallerExecution.ParallerTest -->
