<?xml version="1.0" encoding="UTF-8"?>
<!-- Generated by org.testng.reporters.JUnitReportReporter -->
<testsuite skipped="0" hostname="Rohit-PC" name="basics.Day_13" tests="1" failures="0" timestamp="18 Aug 2018 10:03:04 GMT" time="56.154" errors="0">
  <testcase name="elementVisibility" time="56.154" classname="basics.Day_13"/>
</testsuite> <!-- basics.Day_13 -->
