<?xml version="1.0" encoding="UTF-8"?>
<!-- Generated by org.testng.reporters.JUnitReportReporter -->
<testsuite skipped="0" hostname="Rohit-PC" name="advanced.HeadLessFirefox" tests="1" failures="0" timestamp="18 Oct 2018 16:36:06 GMT" time="16.715" errors="0">
  <testcase name="launchFirefoxAsHeadless" time="16.715" classname="advanced.HeadLessFirefox"/>
</testsuite> <!-- advanced.HeadLessFirefox -->
