<?xml version="1.0" encoding="UTF-8"?>
<!-- Generated by org.testng.reporters.JUnitReportReporter -->
<testsuite skipped="0" hostname="ARPGL000810" name="testNGAnnotation.TestOne" tests="3" failures="0" timestamp="2022-06-29T13:20:37 IST" time="0.016" errors="0">
  <testcase name="testB" time="0.003" classname="testNGAnnotation.TestOne"/>
  <system-out/>
  <testcase name="testA" time="0.009" classname="testNGAnnotation.TestOne"/>
  <system-out/>
  <testcase name="testC" time="0.004" classname="testNGAnnotation.TestOne"/>
  <system-out/>
</testsuite> <!-- testNGAnnotation.TestOne -->
