<?xml version="1.0" encoding="UTF-8"?>
<!-- Generated by org.testng.reporters.JUnitReportReporter -->
<testsuite skipped="1" hostname="ARPGL000810" name="basics.Day_1" tests="4" failures="0" timestamp="2021-05-28T14:47:42 IST" time="35.197" errors="0">
  <testcase name="launchEDGE" time="10.378" classname="basics.Day_1"/>
  <system-out/>
  <testcase name="lanuchChrome" time="9.935" classname="basics.Day_1"/>
  <system-out/>
  <testcase name="launchFirefox" time="14.884" classname="basics.Day_1"/>
  <system-out/>
  <testcase name="lanuchIE" classname="basics.Day_1">
    <skipped/>
  </testcase> <!-- lanuchIE -->
  <system-out/>
</testsuite> <!-- basics.Day_1 -->
