<?xml version="1.0" encoding="UTF-8"?>
<!-- Generated by org.testng.reporters.JUnitReportReporter -->
<testsuite skipped="0" hostname="Rohit-PC" name="basics.Day_9" tests="1" failures="0" timestamp="15 Aug 2018 05:36:12 GMT" time="26.187" errors="0">
  <testcase name="readPropertyFile" time="26.187" classname="basics.Day_9"/>
</testsuite> <!-- basics.Day_9 -->
