<?xml version="1.0" encoding="UTF-8"?>
<!-- Generated by org.testng.reporters.JUnitReportReporter -->
<testsuite skipped="0" hostname="ARPGL000810" name="basics.Day_13" tests="1" failures="0" timestamp="2021-05-31T17:06:47 IST" time="13.889" errors="0">
  <testcase name="elementVisibility" time="13.889" classname="basics.Day_13"/>
  <system-out/>
</testsuite> <!-- basics.Day_13 -->
