<?xml version="1.0" encoding="UTF-8"?>
<!-- Generated by org.testng.reporters.JUnitReportReporter -->
<testsuite skipped="0" hostname="ARPGL000810" name="dataDriven.TestDataPovider" tests="4" failures="0" timestamp="2021-06-07T17:51:18 IST" time="30.509" errors="0">
  <testcase name="dataProviderTest" time="7.854" classname="dataDriven.TestDataPovider"/>
  <system-out/>
  <testcase name="dataProviderTest" time="7.503" classname="dataDriven.TestDataPovider"/>
  <system-out/>
  <testcase name="dataProviderTest" time="8.060" classname="dataDriven.TestDataPovider"/>
  <system-out/>
  <testcase name="dataProviderTest" time="7.092" classname="dataDriven.TestDataPovider"/>
  <system-out/>
</testsuite> <!-- dataDriven.TestDataPovider -->
