<?xml version="1.0" encoding="UTF-8"?>
<!-- Generated by org.testng.reporters.JUnitReportReporter -->
<testsuite skipped="0" hostname="ARPGL000810" name="basics.Day_3" tests="1" failures="0" timestamp="2021-05-28T15:56:58 IST" time="64.644" errors="0">
  <testcase name="browseAttachment" time="64.644" classname="basics.Day_3"/>
  <system-out/>
</testsuite> <!-- basics.Day_3 -->
