<?xml version="1.0" encoding="UTF-8"?>
<!-- Generated by org.testng.reporters.JUnitReportReporter -->
<testsuite skipped="0" hostname="Rohit-PC" name="basics.Day_10" tests="1" failures="0" timestamp="15 Aug 2018 06:09:35 GMT" time="18.762" errors="0">
  <testcase name="htmlUnitDriver" time="18.762" classname="basics.Day_10"/>
</testsuite> <!-- basics.Day_10 -->
