<?xml version="1.0" encoding="UTF-8"?>
<!-- Generated by org.testng.reporters.JUnitReportReporter -->
<testsuite skipped="0" hostname="ARPGL000810" name="basics.Day_10" tests="1" failures="0" timestamp="2021-05-31T15:31:26 IST" time="19.091" errors="0">
  <testcase name="htmlUnitDriver" time="19.091" classname="basics.Day_10"/>
  <system-out/>
</testsuite> <!-- basics.Day_10 -->
