<?xml version="1.0" encoding="UTF-8"?>
<!-- Generated by org.testng.reporters.JUnitReportReporter -->
<testsuite skipped="0" hostname="ARPGL000810" name="basics.Day_11" tests="1" failures="0" timestamp="2021-06-08T11:58:38 IST" time="24.958" errors="0">
  <testcase name="hightlightElement" time="24.958" classname="basics.Day_11"/>
  <system-out/>
</testsuite> <!-- basics.Day_11 -->
