<?xml version="1.0" encoding="UTF-8"?>
<!-- Generated by org.testng.reporters.JUnitReportReporter -->
<testsuite skipped="0" hostname="ARPGL000810" name="testNG.Basic_Parameter" tests="4" failures="0" timestamp="2022-06-29T12:52:26 IST" time="0.004" errors="0">
  <testcase name="TestOrange" time="0.001" classname="testNG.Basic_Parameter"/>
  <system-out/>
  <testcase name="testSubstract" time="0.001" classname="testNG.Basic_Parameter"/>
  <system-out/>
  <testcase name="TestMango" time="0.001" classname="testNG.Basic_Parameter"/>
  <system-out/>
  <testcase name="testAdd" time="0.001" classname="testNG.Basic_Parameter"/>
  <system-out/>
</testsuite> <!-- testNG.Basic_Parameter -->
