<?xml version="1.0" encoding="UTF-8"?>
<!-- Generated by org.testng.reporters.JUnitReportReporter -->
<testsuite skipped="1" hostname="ARPGL000810" name="basics.Day_1" tests="2" failures="0" timestamp="2022-08-11T20:00:13 IST" time="29.712" errors="0">
  <testcase name="chrome" time="29.712" classname="basics.Day_1"/>
  <system-out/>
  <testcase name="lanuchIE" classname="basics.Day_1">
    <skipped/>
  </testcase> <!-- lanuchIE -->
  <system-out/>
</testsuite> <!-- basics.Day_1 -->
