<?xml version="1.0" encoding="UTF-8"?>
<!-- Generated by org.testng.reporters.JUnitReportReporter -->
<testsuite skipped="0" hostname="Rohit-PC" name="basics.Day_3" tests="1" failures="0" timestamp="09 Aug 2018 16:31:30 GMT" time="12.791" errors="0">
  <testcase name="browseAttachment" time="12.791" classname="basics.Day_3"/>
</testsuite> <!-- basics.Day_3 -->
