<?xml version="1.0" encoding="UTF-8"?>
<!-- Generated by org.testng.reporters.JUnitReportReporter -->
<testsuite skipped="0" hostname="ARPGL000810" name="testNG.Basic_Two" tests="4" failures="0" timestamp="2022-06-29T12:52:26 IST" time="0.023" errors="0">
  <testcase name="testCaseThird" time="0.002" classname="testNG.Basic_Two"/>
  <system-out/>
  <testcase name="testCaseEight" time="0.001" classname="testNG.Basic_Two"/>
  <system-out/>
  <testcase name="testCaseFine" time="0.019" classname="testNG.Basic_Two"/>
  <system-out/>
  <testcase name="testCaseFourth" time="0.001" classname="testNG.Basic_Two"/>
  <system-out/>
</testsuite> <!-- testNG.Basic_Two -->
