<?xml version="1.0" encoding="UTF-8"?>
<!-- Generated by org.testng.reporters.JUnitReportReporter -->
<testsuite skipped="0" hostname="ARPGL000810" name="advanced.HTMLtable" tests="1" failures="0" timestamp="2021-06-07T15:50:33 IST" time="7.923" errors="0">
  <testcase name="readHTMLtable" time="7.923" classname="advanced.HTMLtable"/>
  <system-out/>
</testsuite> <!-- advanced.HTMLtable -->
