<?xml version="1.0" encoding="UTF-8"?>
<!-- Generated by org.testng.reporters.JUnitReportReporter -->
<testsuite skipped="0" hostname="ARPGL000810" name="basics.Day_4" tests="2" failures="0" timestamp="2021-05-28T16:53:12 IST" time="29.256" errors="0">
  <testcase name="alertTest" time="11.634" classname="basics.Day_4"/>
  <system-out/>
  <testcase name="allAlertTest" time="17.622" classname="basics.Day_4"/>
  <system-out/>
</testsuite> <!-- basics.Day_4 -->
