<?xml version="1.0" encoding="UTF-8"?>
<!-- Generated by org.testng.reporters.JUnitReportReporter -->
<testsuite skipped="0" hostname="Rohit-PC" name="sikuli.LearnSikuli" tests="1" failures="0" timestamp="25 Sep 2018 16:02:51 GMT" time="4.788" errors="0">
  <testcase name="dragNdrop" time="4.788" classname="sikuli.LearnSikuli"/>
</testsuite> <!-- sikuli.LearnSikuli -->
