<?xml version="1.0" encoding="UTF-8"?>
<!-- Generated by org.testng.reporters.JUnitReportReporter -->
<testsuite skipped="0" hostname="ARPGL000810" name="basics.Day_17" tests="1" failures="0" timestamp="2021-05-31T17:42:13 IST" time="18.956" errors="0">
  <testcase name="datePickerByJS" time="18.956" classname="basics.Day_17"/>
  <system-out/>
</testsuite> <!-- basics.Day_17 -->
