<?xml version="1.0" encoding="UTF-8"?>
<!-- Generated by org.testng.reporters.JUnitReportReporter -->
<testsuite skipped="0" hostname="ARPGL000810" name="advanced.URL_authentication" tests="1" failures="0" timestamp="2021-06-07T16:20:16 IST" time="6.763" errors="0">
  <testcase name="basic_auth" time="6.763" classname="advanced.URL_authentication"/>
  <system-out/>
</testsuite> <!-- advanced.URL_authentication -->
