<?xml version="1.0" encoding="UTF-8"?>
<!-- Generated by org.testng.reporters.JUnitReportReporter -->
<testsuite skipped="0" hostname="Rohit-PC" name="advanced.BrokenLinks" tests="1" failures="0" timestamp="30 Aug 2018 14:40:43 GMT" time="60.972" errors="0">
  <testcase name="findBrokenLinks" time="60.972" classname="advanced.BrokenLinks"/>
</testsuite> <!-- advanced.BrokenLinks -->
