<?xml version="1.0" encoding="UTF-8"?>
<!-- Generated by org.testng.reporters.JUnitReportReporter -->
<testsuite skipped="0" hostname="Rohit-PC" name="dataDriven.TestDataDriven" tests="1" failures="0" timestamp="13 Sep 2018 17:15:49 GMT" time="0.953" errors="0">
  <testcase name="excelOperations" time="0.953" classname="dataDriven.TestDataDriven"/>
</testsuite> <!-- dataDriven.TestDataDriven -->
