<?xml version="1.0" encoding="UTF-8"?>
<!-- Generated by org.testng.reporters.JUnitReportReporter -->
<testsuite skipped="0" hostname="Rohit-PC" name="advanced.BarCodeReader" tests="1" failures="0" timestamp="22 Oct 2018 15:14:10 GMT" time="89.647" errors="0">
  <testcase name="readBarCode" time="89.647" classname="advanced.BarCodeReader"/>
</testsuite> <!-- advanced.BarCodeReader -->
