<?xml version="1.0" encoding="UTF-8"?>
<!-- Generated by org.testng.reporters.JUnitReportReporter -->
<testsuite skipped="0" hostname="ARPGL000810" name="basics.Day_12" tests="1" failures="0" timestamp="2021-05-31T16:34:03 IST" time="22.595" errors="0">
  <testcase name="hightlightElement" time="22.595" classname="basics.Day_12"/>
  <system-out/>
</testsuite> <!-- basics.Day_12 -->
