<?xml version="1.0" encoding="UTF-8"?>
<!-- Generated by org.testng.reporters.JUnitReportReporter -->
<testsuite skipped="0" hostname="ARPGL000810" name="advanced.HeadLessChrome" tests="1" failures="0" timestamp="2021-06-01T17:34:20 IST" time="33.593" errors="0">
  <testcase name="headLessTesting" time="33.593" classname="advanced.HeadLessChrome"/>
  <system-out/>
</testsuite> <!-- advanced.HeadLessChrome -->
