<?xml version="1.0" encoding="UTF-8"?>
<!-- Generated by org.testng.reporters.JUnitReportReporter -->
<testsuite skipped="0" hostname="Rohit-PC" name="sikuli.LearnSikuli" tests="1" failures="0" timestamp="19 Aug 2018 15:56:11 GMT" time="39.421" errors="0">
  <testcase name="googleTestBySikuli" time="39.421" classname="sikuli.LearnSikuli"/>
</testsuite> <!-- sikuli.LearnSikuli -->
