<?xml version="1.0" encoding="UTF-8"?>
<!-- Generated by org.testng.reporters.JUnitReportReporter -->
<testsuite skipped="0" hostname="Rohit-PC" name="dataDriven.TestDataDriven" tests="4" failures="0" timestamp="14 Sep 2018 17:35:35 GMT" time="63.848" errors="0">
  <testcase name="dataProviderTest" time="20.238" classname="dataDriven.TestDataDriven"/>
  <testcase name="dataProviderTest" time="11.021" classname="dataDriven.TestDataDriven"/>
  <testcase name="dataProviderTest" time="14.041" classname="dataDriven.TestDataDriven"/>
  <testcase name="dataProviderTest" time="18.548" classname="dataDriven.TestDataDriven"/>
</testsuite> <!-- dataDriven.TestDataDriven -->
