<?xml version="1.0" encoding="UTF-8"?>
<!-- Generated by org.testng.reporters.JUnitReportReporter -->
<testsuite skipped="0" hostname="Rohit-PC" name="basics.Day_7" tests="1" failures="0" timestamp="13 Aug 2018 17:53:25 GMT" time="21.336" errors="0">
  <testcase name="explicitWait" time="21.336" classname="basics.Day_7"/>
</testsuite> <!-- basics.Day_7 -->
