<?xml version="1.0" encoding="UTF-8"?>
<!-- Generated by org.testng.reporters.JUnitReportReporter -->
<testsuite skipped="0" hostname="ARPGL000810" name="advanced.BrokenLinks" tests="1" failures="0" timestamp="2022-06-26T18:06:14 IST" time="31.354" errors="0">
  <testcase name="findBrokenLinks" time="31.354" classname="advanced.BrokenLinks"/>
  <system-out/>
</testsuite> <!-- advanced.BrokenLinks -->
