<?xml version="1.0" encoding="UTF-8"?>
<!-- Generated by org.testng.reporters.JUnitReportReporter -->
<testsuite skipped="0" hostname="ARPGL000810" name="basics.Day_19" tests="1" failures="0" timestamp="2021-05-31T17:58:58 IST" time="13.437" errors="0">
  <testcase name="bootStrapDropDown2" time="13.437" classname="basics.Day_19"/>
  <system-out/>
</testsuite> <!-- basics.Day_19 -->
