<?xml version="1.0" encoding="UTF-8"?>
<!-- Generated by org.testng.reporters.JUnitReportReporter -->
<testsuite skipped="0" hostname="Rohit-PC" name="basics.Day_3" tests="2" failures="0" timestamp="22 Sep 2018 10:34:46 GMT" time="86.388" errors="0">
  <testcase name="locatorTechnique" time="30.891" classname="basics.Day_3"/>
  <testcase name="browseAttachment" time="55.497" classname="basics.Day_3"/>
</testsuite> <!-- basics.Day_3 -->
