<?xml version="1.0" encoding="UTF-8"?>
<!-- Generated by org.testng.reporters.JUnitReportReporter -->
<testsuite skipped="0" hostname="ARPGL000810" name="basics.Day_8" tests="1" failures="0" timestamp="2021-05-31T15:18:42 IST" time="33.697" errors="0">
  <testcase name="windowHandlers" time="33.697" classname="basics.Day_8"/>
  <system-out/>
</testsuite> <!-- basics.Day_8 -->
