<?xml version="1.0" encoding="UTF-8"?>
<!-- Generated by org.testng.reporters.JUnitReportReporter -->
<testsuite skipped="0" hostname="ARPGL000810" name="basics.Day_9" tests="1" failures="0" timestamp="2021-05-31T15:30:24 IST" time="14.508" errors="0">
  <testcase name="readPropertyFile" time="14.508" classname="basics.Day_9"/>
  <system-out/>
</testsuite> <!-- basics.Day_9 -->
