<?xml version="1.0" encoding="UTF-8"?>
<!-- Generated by org.testng.reporters.JUnitReportReporter -->
<testsuite skipped="0" hostname="ARPGL000810" name="advanced.HeadLessFirefox" tests="1" failures="0" timestamp="2021-06-01T17:37:13 IST" time="13.928" errors="0">
  <testcase name="launchFirefoxAsHeadless" time="13.928" classname="advanced.HeadLessFirefox"/>
  <system-out/>
</testsuite> <!-- advanced.HeadLessFirefox -->
