<?xml version="1.0" encoding="UTF-8"?>
<!-- Generated by org.testng.reporters.JUnitReportReporter -->
<testsuite skipped="0" hostname="Rohit-PC" name="basics.Day_4" tests="1" failures="0" timestamp="09 Aug 2018 16:37:41 GMT" time="6.832" errors="0">
  <testcase name="alertTest" time="6.832" classname="basics.Day_4"/>
</testsuite> <!-- basics.Day_4 -->
