<?xml version="1.0" encoding="UTF-8"?>
<!-- Generated by org.testng.reporters.JUnitReportReporter -->
<testsuite skipped="0" hostname="ARPGL000810" name="testNG.Basic_Groups" tests="2" failures="0" timestamp="2022-06-29T12:52:26 IST" time="0.003" errors="0">
  <testcase name="testCase41" time="0.002" classname="testNG.Basic_Groups"/>
  <system-out/>
  <testcase name="testCase43" time="0.001" classname="testNG.Basic_Groups"/>
  <system-out/>
</testsuite> <!-- testNG.Basic_Groups -->
