<?xml version="1.0" encoding="UTF-8"?>
<!-- Generated by org.testng.reporters.JUnitReportReporter -->
<testsuite skipped="0" hostname="Rohit-PC" name="advanced.HeadLessChrome" tests="1" failures="0" timestamp="20 Aug 2018 16:43:53 GMT" time="17.478" errors="0">
  <testcase name="headLessTesting" time="17.478" classname="advanced.HeadLessChrome"/>
</testsuite> <!-- advanced.HeadLessChrome -->
