<?xml version="1.0" encoding="UTF-8"?>
<!-- Generated by org.testng.reporters.JUnitReportReporter -->
<testsuite skipped="0" hostname="ARPGL000810" name="testNGAnnotation.TestTwo" tests="3" failures="0" timestamp="2022-06-29T13:20:37 IST" time="0.009" errors="0">
  <testcase name="testD" time="0.002" classname="testNGAnnotation.TestTwo"/>
  <system-out/>
  <testcase name="testE" time="0.002" classname="testNGAnnotation.TestTwo"/>
  <system-out/>
  <testcase name="testF" time="0.005" classname="testNGAnnotation.TestTwo"/>
  <system-out/>
</testsuite> <!-- testNGAnnotation.TestTwo -->
