<?xml version="1.0" encoding="UTF-8"?>
<!-- Generated by org.testng.reporters.JUnitReportReporter -->
<testsuite skipped="0" hostname="Rohit-PC" name="basics.Day_12" tests="1" failures="0" timestamp="15 Aug 2018 11:42:40 GMT" time="294.817" errors="0">
  <testcase name="hightlightElement" time="294.817" classname="basics.Day_12"/>
</testsuite> <!-- basics.Day_12 -->
