<?xml version="1.0" encoding="UTF-8"?>
<!-- Generated by org.testng.reporters.JUnitReportReporter -->
<testsuite skipped="0" hostname="Rohit-PC" name="basics.Day_19" tests="1" failures="0" timestamp="19 Aug 2018 15:14:00 GMT" time="15.063" errors="0">
  <testcase name="bootStrapDropDown2" time="15.063" classname="basics.Day_19"/>
</testsuite> <!-- basics.Day_19 -->
