<?xml version="1.0" encoding="UTF-8"?>
<!-- Generated by org.testng.reporters.JUnitReportReporter -->
<testsuite skipped="0" hostname="Rohit-PC" name="basics.Day_12" tests="1" failures="0" timestamp="15 Aug 2018 11:36:36 GMT" time="355.882" errors="0">
  <testcase name="hightlightElement" time="355.882" classname="basics.Day_12"/>
</testsuite> <!-- basics.Day_12 -->
