<?xml version="1.0" encoding="UTF-8"?>
<!-- Generated by org.testng.reporters.JUnitReportReporter -->
<testsuite skipped="0" hostname="ARPGL000810" name="basics.Day_6" tests="1" failures="0" timestamp="2021-05-30T16:46:07 IST" time="17.895" errors="0">
  <testcase name="findAllLinks" time="17.895" classname="basics.Day_6"/>
  <system-out/>
</testsuite> <!-- basics.Day_6 -->
