<?xml version="1.0" encoding="UTF-8"?>
<!-- Generated by org.testng.reporters.JUnitReportReporter -->
<testsuite skipped="0" hostname="ARPGL000810" name="basics.Day_15" tests="1" failures="0" timestamp="2021-05-31T17:40:15 IST" time="12.387" errors="0">
  <testcase name="dynamicGoogleSearch" time="12.387" classname="basics.Day_15"/>
  <system-out/>
</testsuite> <!-- basics.Day_15 -->
