<?xml version="1.0" encoding="UTF-8"?>
<!-- Generated by org.testng.reporters.JUnitReportReporter -->
<testsuite skipped="0" hostname="Rohit-PC" name="advanced.BarCodeReader" tests="1" failures="0" timestamp="18 Oct 2018 17:09:26 GMT" time="23.244" errors="0">
  <testcase name="readBarCode" time="23.244" classname="advanced.BarCodeReader"/>
</testsuite> <!-- advanced.BarCodeReader -->
