<?xml version="1.0" encoding="UTF-8"?>
<!-- Generated by org.testng.reporters.JUnitReportReporter -->
<testsuite skipped="0" hostname="Rohit-PC" name="advanced.URL_authentication" tests="1" failures="0" timestamp="29 Aug 2018 16:54:43 GMT" time="28.673" errors="0">
  <testcase name="basic_auth" time="28.673" classname="advanced.URL_authentication"/>
</testsuite> <!-- advanced.URL_authentication -->
