<?xml version="1.0" encoding="UTF-8"?>
<!-- Generated by org.testng.reporters.JUnitReportReporter -->
<testsuite skipped="1" hostname="ARPGL000810" name="testNG.Basic_One" tests="5" failures="0" timestamp="2022-06-29T12:52:26 IST" time="0.006" errors="0">
  <testcase name="testCaseSix" time="0.002" classname="testNG.Basic_One"/>
  <system-out/>
  <testcase name="testCaseSecond" time="0.001" classname="testNG.Basic_One"/>
  <system-out/>
  <testcase name="testCaseFirst" time="0.001" classname="testNG.Basic_One"/>
  <system-out/>
  <testcase name="testCaseSeven" time="0.002" classname="testNG.Basic_One"/>
  <system-out/>
  <testcase name="testCaseFifth" classname="testNG.Basic_One">
    <skipped/>
  </testcase> <!-- testCaseFifth -->
  <system-out/>
</testsuite> <!-- testNG.Basic_One -->
