<?xml version="1.0" encoding="UTF-8"?>
<!-- Generated by org.testng.reporters.JUnitReportReporter -->
<testsuite skipped="0" hostname="Rohit-PC" name="basics.Day_6" tests="1" failures="0" timestamp="13 Aug 2018 16:47:31 GMT" time="75.369" errors="0">
  <testcase name="findAllLinks" time="75.369" classname="basics.Day_6"/>
</testsuite> <!-- basics.Day_6 -->
