<?xml version="1.0" encoding="UTF-8"?>
<!-- Generated by org.testng.reporters.JUnitReportReporter -->
<testsuite skipped="0" hostname="ARPGL000810" name="dataDriven.TestDataDriven" tests="1" failures="0" timestamp="2021-06-07T18:12:47 IST" time="11.255" errors="0">
  <testcase name="readDataFromExcel" time="11.255" classname="dataDriven.TestDataDriven"/>
  <system-out/>
</testsuite> <!-- dataDriven.TestDataDriven -->
