<?xml version="1.0" encoding="UTF-8"?>
<!-- Generated by org.testng.reporters.JUnitReportReporter -->
<testsuite skipped="0" hostname="ARPGL000810" name="basics.Day_6" tests="1" failures="0" timestamp="2022-06-26T18:08:18 IST" time="7.903" errors="0">
  <testcase name="findAllLinks" time="7.903" classname="basics.Day_6"/>
  <system-out/>
</testsuite> <!-- basics.Day_6 -->
