<?xml version="1.0" encoding="UTF-8"?>
<!-- Generated by org.testng.reporters.JUnitReportReporter -->
<testsuite skipped="0" hostname="ARPGL000810" name="testNG.Basic" tests="2" failures="0" timestamp="2022-06-29T11:46:18 IST" time="0.020" errors="0">
  <testcase name="testCaseSecond" time="0.002" classname="testNG.Basic"/>
  <system-out/>
  <testcase name="testCaseFirst" time="0.018" classname="testNG.Basic"/>
  <system-out/>
</testsuite> <!-- testNG.Basic -->
