<?xml version="1.0" encoding="UTF-8"?>
<!-- Generated by org.testng.reporters.JUnitReportReporter -->
<testsuite skipped="0" hostname="Rohit-PC" name="basics.Day_17" tests="1" failures="0" timestamp="18 Aug 2018 12:30:16 GMT" time="16.659" errors="0">
  <testcase name="datePickerByJS" time="16.659" classname="basics.Day_17"/>
</testsuite> <!-- basics.Day_17 -->
