<?xml version="1.0" encoding="UTF-8"?>
<!-- Generated by org.testng.reporters.JUnitReportReporter -->
<testsuite skipped="0" hostname="Rohit-PC" name="basics.Day_15" tests="1" failures="0" timestamp="17 Aug 2018 14:37:32 GMT" time="22.962" errors="0">
  <testcase name="dynamicGoogleSearch" time="22.962" classname="basics.Day_15"/>
</testsuite> <!-- basics.Day_15 -->
