<?xml version="1.0" encoding="UTF-8"?>
<!-- Generated by org.testng.reporters.JUnitReportReporter -->
<testsuite skipped="0" hostname="Rohit-PC" name="sikuli.LearnSikuli" tests="1" failures="0" timestamp="22 Sep 2018 11:52:46 GMT" time="33.171" errors="0">
  <testcase name="googleTestBySikuli" time="33.171" classname="sikuli.LearnSikuli"/>
</testsuite> <!-- sikuli.LearnSikuli -->
