<?xml version="1.0" encoding="UTF-8"?>
<!-- Generated by org.testng.reporters.JUnitReportReporter -->
<testsuite skipped="0" hostname="Rohit-PC" name="advanced.HTMLtable" tests="1" failures="0" timestamp="01 Sep 2018 17:02:05 GMT" time="93.527" errors="0">
  <testcase name="readHTMLtablePushToExcel" time="93.527" classname="advanced.HTMLtable"/>
</testsuite> <!-- advanced.HTMLtable -->
