<?xml version="1.0" encoding="UTF-8"?>
<!-- Generated by org.testng.reporters.JUnitReportReporter -->
<testsuite skipped="0" hostname="ARPGL000810" name="advanced.BrokenLinks" tests="1" failures="0" timestamp="2021-06-01T17:12:19 IST" time="99.110" errors="0">
  <testcase name="findBrokenLinks" time="99.110" classname="advanced.BrokenLinks"/>
  <system-out/>
</testsuite> <!-- advanced.BrokenLinks -->
