<?xml version="1.0" encoding="UTF-8"?>
<!-- Generated by org.testng.reporters.JUnitReportReporter -->
<testsuite skipped="0" hostname="ARPGL000810" name="basics.Day_5" tests="1" failures="0" timestamp="2021-05-30T15:39:38 IST" time="19.406" errors="0">
  <testcase name="keyBorad" time="19.406" classname="basics.Day_5"/>
  <system-out/>
</testsuite> <!-- basics.Day_5 -->
