<?xml version="1.0" encoding="UTF-8"?>
<!-- Generated by org.testng.reporters.JUnitReportReporter -->
<testsuite skipped="0" hostname="ARPGL000810" name="testNGAnnotation.TestThree" tests="1" failures="0" timestamp="2022-06-29T13:20:37 IST" time="0.002" errors="0">
  <testcase name="testZ" time="0.002" classname="testNGAnnotation.TestThree"/>
  <system-out/>
</testsuite> <!-- testNGAnnotation.TestThree -->
