<?xml version="1.0" encoding="UTF-8"?>
<!-- Generated by org.testng.reporters.JUnitReportReporter -->
<testsuite skipped="0" hostname="ARPGL000810" name="advanced.BarCodeReader" tests="1" failures="0" timestamp="2021-06-01T17:03:31 IST" time="13.029" errors="0">
  <testcase name="readBarCode" time="13.029" classname="advanced.BarCodeReader"/>
  <system-out/>
</testsuite> <!-- advanced.BarCodeReader -->
