<?xml version="1.0" encoding="UTF-8"?>
<!-- Generated by org.testng.reporters.JUnitReportReporter -->
<testsuite skipped="0" hostname="Rohit-PC" name="basics.Day_11" tests="1" failures="0" timestamp="15 Aug 2018 10:42:07 GMT" time="14.222" errors="0">
  <testcase name="hightlightElement" time="14.222" classname="basics.Day_11"/>
</testsuite> <!-- basics.Day_11 -->
