<?xml version="1.0" encoding="UTF-8"?>
<!-- Generated by org.testng.reporters.JUnitReportReporter -->
<testsuite skipped="0" hostname="ARPGL000810" name="testNG.Basic_Three" tests="1" failures="0" timestamp="2022-06-29T12:41:57 IST" time="0.002" errors="0">
  <testcase name="testCase33" time="0.002" classname="testNG.Basic_Three"/>
  <system-out/>
</testsuite> <!-- testNG.Basic_Three -->
